09:25:22 INFO  : Registering command handlers for SDK TCF services
09:25:22 INFO  : Launching XSCT server: xsct.bat -interactive P:\Johsul_harkka\temp_xsdb_launch_script.tcl
09:25:24 INFO  : XSCT server has started successfully.
09:25:24 INFO  : Successfully done setting XSCT server connection channel  
09:25:28 INFO  : Successfully done setting SDK workspace  
12:35:20 INFO  : Registering command handlers for SDK TCF services
12:35:21 INFO  : Launching XSCT server: xsct.bat -interactive C:\Temp\updated_harkka_josu\Johsul_harkka\temp_xsdb_launch_script.tcl
12:35:24 INFO  : XSCT server has started successfully.
12:35:31 INFO  : Successfully done setting XSCT server connection channel  
12:35:31 INFO  : Successfully done setting SDK workspace  
12:35:49 INFO  : Connected to target on host '127.0.0.1' and port '3121'.
12:35:50 INFO  : Jtag cable 'Xilinx PYNQ-Z1 003017A4CE32A' is selected.
12:35:51 INFO  : 'jtag frequency' command is executed.
12:35:51 INFO  : Sourcing of 'C:/Temp/updated_harkka_josu/Johsul_harkka/Exercise/ps7_init.tcl' is done.
12:35:51 INFO  : Context for 'APU' is selected.
12:35:51 INFO  : System reset is completed.
12:35:54 INFO  : 'after 3000' command is executed.
12:35:55 INFO  : 'targets -set -filter {jtag_cable_name =~ "Xilinx PYNQ-Z1 003017A4CE32A" && level==0} -index 1' command is executed.
12:35:57 INFO  : FPGA configured successfully with bitstream "C:/Temp/updated_harkka_josu/Johsul_harkka/Exercise/top.bit"
12:35:58 INFO  : Context for 'APU' is selected.
12:35:58 INFO  : Hardware design information is loaded from 'C:/Temp/updated_harkka_josu/Johsul_harkka/Exercise/system.hdf'.
12:35:58 INFO  : 'configparams force-mem-access 1' command is executed.
12:35:58 INFO  : Context for 'APU' is selected.
12:35:59 INFO  : 'ps7_init' command is executed.
12:35:59 INFO  : 'ps7_post_config' command is executed.
12:35:59 INFO  : Context for processor 'ps7_cortexa9_0' is selected.
12:35:59 INFO  : The application 'C:/Temp/updated_harkka_josu/Johsul_harkka/Embedded_Exercise_normal/Debug/Embedded_Exercise_normal.elf' is downloaded to processor 'ps7_cortexa9_0'.
12:36:00 INFO  : 'configparams force-mem-access 0' command is executed.
12:36:00 INFO  : ----------------XSDB Script----------------
connect -url tcp:127.0.0.1:3121
source C:/Temp/updated_harkka_josu/Johsul_harkka/Exercise/ps7_init.tcl
targets -set -nocase -filter {name =~"APU*" && jtag_cable_name =~ "Xilinx PYNQ-Z1 003017A4CE32A"} -index 0
rst -system
after 3000
targets -set -filter {jtag_cable_name =~ "Xilinx PYNQ-Z1 003017A4CE32A" && level==0} -index 1
fpga -file C:/Temp/updated_harkka_josu/Johsul_harkka/Exercise/top.bit
targets -set -nocase -filter {name =~"APU*" && jtag_cable_name =~ "Xilinx PYNQ-Z1 003017A4CE32A"} -index 0
loadhw -hw C:/Temp/updated_harkka_josu/Johsul_harkka/Exercise/system.hdf -mem-ranges [list {0x40000000 0xbfffffff}]
configparams force-mem-access 1
targets -set -nocase -filter {name =~"APU*" && jtag_cable_name =~ "Xilinx PYNQ-Z1 003017A4CE32A"} -index 0
ps7_init
ps7_post_config
targets -set -nocase -filter {name =~ "ARM*#0" && jtag_cable_name =~ "Xilinx PYNQ-Z1 003017A4CE32A"} -index 0
dow C:/Temp/updated_harkka_josu/Johsul_harkka/Embedded_Exercise_normal/Debug/Embedded_Exercise_normal.elf
configparams force-mem-access 0
----------------End of Script----------------

12:36:00 INFO  : Memory regions updated for context APU
12:36:00 INFO  : Context for processor 'ps7_cortexa9_0' is selected.
12:36:00 INFO  : 'con' command is executed.
12:36:00 INFO  : ----------------XSDB Script (After Launch)----------------
targets -set -nocase -filter {name =~ "ARM*#0" && jtag_cable_name =~ "Xilinx PYNQ-Z1 003017A4CE32A"} -index 0
con
----------------End of Script----------------

12:36:00 INFO  : Launch script is exported to file 'C:\Temp\updated_harkka_josu\Johsul_harkka\.sdk\launch_scripts\xilinx_c-c++_application_(system_debugger)\system_debugger_using_debug_embedded_exercise_normal.elf_on_local.tcl'
12:37:44 INFO  : Disconnected from the channel tcfchan#1.
12:37:45 INFO  : Connected to target on host '127.0.0.1' and port '3121'.
12:37:46 INFO  : Jtag cable 'Xilinx PYNQ-Z1 003017A4CE32A' is selected.
12:37:46 INFO  : 'jtag frequency' command is executed.
12:37:46 INFO  : Sourcing of 'C:/Temp/updated_harkka_josu/Johsul_harkka/Exercise/ps7_init.tcl' is done.
12:37:46 INFO  : Context for 'APU' is selected.
12:37:46 INFO  : System reset is completed.
12:37:49 INFO  : 'after 3000' command is executed.
12:37:49 INFO  : 'targets -set -filter {jtag_cable_name =~ "Xilinx PYNQ-Z1 003017A4CE32A" && level==0} -index 1' command is executed.
12:37:51 INFO  : FPGA configured successfully with bitstream "C:/Temp/updated_harkka_josu/Johsul_harkka/Exercise/top.bit"
12:37:52 INFO  : Context for 'APU' is selected.
12:37:54 INFO  : Hardware design information is loaded from 'C:/Temp/updated_harkka_josu/Johsul_harkka/Exercise/system.hdf'.
12:37:54 INFO  : 'configparams force-mem-access 1' command is executed.
12:37:54 INFO  : Context for 'APU' is selected.
12:37:55 INFO  : 'ps7_init' command is executed.
12:37:55 INFO  : 'ps7_post_config' command is executed.
12:37:55 INFO  : Context for processor 'ps7_cortexa9_0' is selected.
12:37:55 INFO  : The application 'C:/Temp/updated_harkka_josu/Johsul_harkka/Embedded_Exercise_normal/Debug/Embedded_Exercise_normal.elf' is downloaded to processor 'ps7_cortexa9_0'.
12:37:55 INFO  : 'configparams force-mem-access 0' command is executed.
12:37:55 INFO  : ----------------XSDB Script----------------
connect -url tcp:127.0.0.1:3121
source C:/Temp/updated_harkka_josu/Johsul_harkka/Exercise/ps7_init.tcl
targets -set -nocase -filter {name =~"APU*" && jtag_cable_name =~ "Xilinx PYNQ-Z1 003017A4CE32A"} -index 0
rst -system
after 3000
targets -set -filter {jtag_cable_name =~ "Xilinx PYNQ-Z1 003017A4CE32A" && level==0} -index 1
fpga -file C:/Temp/updated_harkka_josu/Johsul_harkka/Exercise/top.bit
targets -set -nocase -filter {name =~"APU*" && jtag_cable_name =~ "Xilinx PYNQ-Z1 003017A4CE32A"} -index 0
loadhw -hw C:/Temp/updated_harkka_josu/Johsul_harkka/Exercise/system.hdf -mem-ranges [list {0x40000000 0xbfffffff}]
configparams force-mem-access 1
targets -set -nocase -filter {name =~"APU*" && jtag_cable_name =~ "Xilinx PYNQ-Z1 003017A4CE32A"} -index 0
ps7_init
ps7_post_config
targets -set -nocase -filter {name =~ "ARM*#0" && jtag_cable_name =~ "Xilinx PYNQ-Z1 003017A4CE32A"} -index 0
dow C:/Temp/updated_harkka_josu/Johsul_harkka/Embedded_Exercise_normal/Debug/Embedded_Exercise_normal.elf
configparams force-mem-access 0
----------------End of Script----------------

12:37:55 INFO  : Memory regions updated for context APU
12:37:55 INFO  : Context for processor 'ps7_cortexa9_0' is selected.
12:37:55 INFO  : 'con' command is executed.
12:37:55 INFO  : ----------------XSDB Script (After Launch)----------------
targets -set -nocase -filter {name =~ "ARM*#0" && jtag_cable_name =~ "Xilinx PYNQ-Z1 003017A4CE32A"} -index 0
con
----------------End of Script----------------

12:37:55 INFO  : Launch script is exported to file 'C:\Temp\updated_harkka_josu\Johsul_harkka\.sdk\launch_scripts\xilinx_c-c++_application_(system_debugger)\system_debugger_using_debug_embedded_exercise_normal.elf_on_local.tcl'
10:25:29 INFO  : Disconnected from the channel tcfchan#2.
10:25:30 INFO  : Connected to target on host '127.0.0.1' and port '3121'.
10:25:31 INFO  : Jtag cable 'Xilinx PYNQ-Z1 003017A4CE32A' is selected.
10:25:31 INFO  : 'jtag frequency' command is executed.
10:25:31 INFO  : Sourcing of 'C:/Temp/updated_harkka_josu/Johsul_harkka/Exercise/ps7_init.tcl' is done.
10:25:31 INFO  : Context for 'APU' is selected.
10:25:31 INFO  : System reset is completed.
10:25:34 INFO  : 'after 3000' command is executed.
10:25:34 INFO  : 'targets -set -filter {jtag_cable_name =~ "Xilinx PYNQ-Z1 003017A4CE32A" && level==0} -index 1' command is executed.
10:25:36 INFO  : FPGA configured successfully with bitstream "C:/Temp/updated_harkka_josu/Johsul_harkka/Exercise/top.bit"
10:25:37 INFO  : Context for 'APU' is selected.
10:25:39 INFO  : Hardware design information is loaded from 'C:/Temp/updated_harkka_josu/Johsul_harkka/Exercise/system.hdf'.
10:25:39 INFO  : 'configparams force-mem-access 1' command is executed.
10:25:39 INFO  : Context for 'APU' is selected.
10:25:39 INFO  : 'ps7_init' command is executed.
10:25:39 INFO  : 'ps7_post_config' command is executed.
10:25:39 INFO  : Context for processor 'ps7_cortexa9_0' is selected.
10:25:40 INFO  : The application 'C:/Temp/updated_harkka_josu/Johsul_harkka/Embedded_Exercise_normal/Debug/Embedded_Exercise_normal.elf' is downloaded to processor 'ps7_cortexa9_0'.
10:25:40 INFO  : 'configparams force-mem-access 0' command is executed.
10:25:40 INFO  : ----------------XSDB Script----------------
connect -url tcp:127.0.0.1:3121
source C:/Temp/updated_harkka_josu/Johsul_harkka/Exercise/ps7_init.tcl
targets -set -nocase -filter {name =~"APU*" && jtag_cable_name =~ "Xilinx PYNQ-Z1 003017A4CE32A"} -index 0
rst -system
after 3000
targets -set -filter {jtag_cable_name =~ "Xilinx PYNQ-Z1 003017A4CE32A" && level==0} -index 1
fpga -file C:/Temp/updated_harkka_josu/Johsul_harkka/Exercise/top.bit
targets -set -nocase -filter {name =~"APU*" && jtag_cable_name =~ "Xilinx PYNQ-Z1 003017A4CE32A"} -index 0
loadhw -hw C:/Temp/updated_harkka_josu/Johsul_harkka/Exercise/system.hdf -mem-ranges [list {0x40000000 0xbfffffff}]
configparams force-mem-access 1
targets -set -nocase -filter {name =~"APU*" && jtag_cable_name =~ "Xilinx PYNQ-Z1 003017A4CE32A"} -index 0
ps7_init
ps7_post_config
targets -set -nocase -filter {name =~ "ARM*#0" && jtag_cable_name =~ "Xilinx PYNQ-Z1 003017A4CE32A"} -index 0
dow C:/Temp/updated_harkka_josu/Johsul_harkka/Embedded_Exercise_normal/Debug/Embedded_Exercise_normal.elf
configparams force-mem-access 0
----------------End of Script----------------

10:25:40 INFO  : Memory regions updated for context APU
10:25:40 INFO  : Context for processor 'ps7_cortexa9_0' is selected.
10:25:40 INFO  : 'con' command is executed.
10:25:40 INFO  : ----------------XSDB Script (After Launch)----------------
targets -set -nocase -filter {name =~ "ARM*#0" && jtag_cable_name =~ "Xilinx PYNQ-Z1 003017A4CE32A"} -index 0
con
----------------End of Script----------------

10:25:40 INFO  : Launch script is exported to file 'C:\Temp\updated_harkka_josu\Johsul_harkka\.sdk\launch_scripts\xilinx_c-c++_application_(system_debugger)\system_debugger_using_debug_embedded_exercise_normal.elf_on_local.tcl'
10:25:45 INFO  : Disconnected from the channel tcfchan#3.
10:25:46 INFO  : Connected to target on host '127.0.0.1' and port '3121'.
10:25:46 INFO  : Jtag cable 'Xilinx PYNQ-Z1 003017A4CE32A' is selected.
10:25:46 INFO  : 'jtag frequency' command is executed.
10:25:46 INFO  : Sourcing of 'C:/Temp/updated_harkka_josu/Johsul_harkka/Exercise/ps7_init.tcl' is done.
10:25:46 INFO  : Context for 'APU' is selected.
10:25:46 INFO  : System reset is completed.
10:25:49 INFO  : 'after 3000' command is executed.
10:25:50 INFO  : 'targets -set -filter {jtag_cable_name =~ "Xilinx PYNQ-Z1 003017A4CE32A" && level==0} -index 1' command is executed.
10:25:52 INFO  : FPGA configured successfully with bitstream "C:/Temp/updated_harkka_josu/Johsul_harkka/Exercise/top.bit"
10:25:52 INFO  : Context for 'APU' is selected.
10:25:54 INFO  : Hardware design information is loaded from 'C:/Temp/updated_harkka_josu/Johsul_harkka/Exercise/system.hdf'.
10:25:54 INFO  : 'configparams force-mem-access 1' command is executed.
10:25:54 INFO  : Context for 'APU' is selected.
10:25:55 INFO  : 'ps7_init' command is executed.
10:25:55 INFO  : 'ps7_post_config' command is executed.
10:25:55 INFO  : Context for processor 'ps7_cortexa9_0' is selected.
10:25:55 INFO  : The application 'C:/Temp/updated_harkka_josu/Johsul_harkka/Embedded_Exercise_normal/Debug/Embedded_Exercise_normal.elf' is downloaded to processor 'ps7_cortexa9_0'.
10:25:55 INFO  : 'configparams force-mem-access 0' command is executed.
10:25:55 INFO  : ----------------XSDB Script----------------
connect -url tcp:127.0.0.1:3121
source C:/Temp/updated_harkka_josu/Johsul_harkka/Exercise/ps7_init.tcl
targets -set -nocase -filter {name =~"APU*" && jtag_cable_name =~ "Xilinx PYNQ-Z1 003017A4CE32A"} -index 0
rst -system
after 3000
targets -set -filter {jtag_cable_name =~ "Xilinx PYNQ-Z1 003017A4CE32A" && level==0} -index 1
fpga -file C:/Temp/updated_harkka_josu/Johsul_harkka/Exercise/top.bit
targets -set -nocase -filter {name =~"APU*" && jtag_cable_name =~ "Xilinx PYNQ-Z1 003017A4CE32A"} -index 0
loadhw -hw C:/Temp/updated_harkka_josu/Johsul_harkka/Exercise/system.hdf -mem-ranges [list {0x40000000 0xbfffffff}]
configparams force-mem-access 1
targets -set -nocase -filter {name =~"APU*" && jtag_cable_name =~ "Xilinx PYNQ-Z1 003017A4CE32A"} -index 0
ps7_init
ps7_post_config
targets -set -nocase -filter {name =~ "ARM*#0" && jtag_cable_name =~ "Xilinx PYNQ-Z1 003017A4CE32A"} -index 0
dow C:/Temp/updated_harkka_josu/Johsul_harkka/Embedded_Exercise_normal/Debug/Embedded_Exercise_normal.elf
configparams force-mem-access 0
----------------End of Script----------------

10:25:55 INFO  : Memory regions updated for context APU
10:25:55 INFO  : Context for processor 'ps7_cortexa9_0' is selected.
10:25:55 INFO  : 'con' command is executed.
10:25:55 INFO  : ----------------XSDB Script (After Launch)----------------
targets -set -nocase -filter {name =~ "ARM*#0" && jtag_cable_name =~ "Xilinx PYNQ-Z1 003017A4CE32A"} -index 0
con
----------------End of Script----------------

10:25:55 INFO  : Launch script is exported to file 'C:\Temp\updated_harkka_josu\Johsul_harkka\.sdk\launch_scripts\xilinx_c-c++_application_(system_debugger)\system_debugger_using_debug_embedded_exercise_normal.elf_on_local.tcl'
10:28:44 INFO  : Disconnected from the channel tcfchan#4.
11:50:05 INFO  : Registering command handlers for SDK TCF services
11:50:05 INFO  : Launching XSCT server: xsct.bat -interactive C:\Temp\updated_harkka_josu\Johsul_harkka\temp_xsdb_launch_script.tcl
11:50:08 INFO  : XSCT server has started successfully.
11:50:08 INFO  : Successfully done setting XSCT server connection channel  
11:50:15 INFO  : Successfully done setting SDK workspace  
11:56:37 INFO  : Connected to target on host '127.0.0.1' and port '3121'.
11:56:39 INFO  : Jtag cable 'Xilinx PYNQ-Z1 003017A4CE32A' is selected.
11:56:39 INFO  : 'jtag frequency' command is executed.
11:56:39 INFO  : Sourcing of 'C:/Temp/updated_harkka_josu/Johsul_harkka/Exercise/ps7_init.tcl' is done.
11:56:40 INFO  : Context for 'APU' is selected.
11:56:40 INFO  : System reset is completed.
11:56:43 INFO  : 'after 3000' command is executed.
11:56:44 INFO  : 'targets -set -filter {jtag_cable_name =~ "Xilinx PYNQ-Z1 003017A4CE32A" && level==0} -index 1' command is executed.
11:56:46 INFO  : FPGA configured successfully with bitstream "C:/Temp/updated_harkka_josu/Johsul_harkka/Exercise/top.bit"
11:56:47 INFO  : Context for 'APU' is selected.
11:56:47 INFO  : Hardware design information is loaded from 'C:/Temp/updated_harkka_josu/Johsul_harkka/Exercise/system.hdf'.
11:56:47 INFO  : 'configparams force-mem-access 1' command is executed.
11:56:47 INFO  : Context for 'APU' is selected.
11:56:48 INFO  : 'ps7_init' command is executed.
11:56:48 INFO  : 'ps7_post_config' command is executed.
11:56:48 INFO  : Context for processor 'ps7_cortexa9_0' is selected.
11:56:48 INFO  : The application 'C:/Temp/updated_harkka_josu/Johsul_harkka/Embedded_Exercise_normal/Debug/Embedded_Exercise_normal.elf' is downloaded to processor 'ps7_cortexa9_0'.
11:56:48 INFO  : 'configparams force-mem-access 0' command is executed.
11:56:48 INFO  : ----------------XSDB Script----------------
connect -url tcp:127.0.0.1:3121
source C:/Temp/updated_harkka_josu/Johsul_harkka/Exercise/ps7_init.tcl
targets -set -nocase -filter {name =~"APU*" && jtag_cable_name =~ "Xilinx PYNQ-Z1 003017A4CE32A"} -index 0
rst -system
after 3000
targets -set -filter {jtag_cable_name =~ "Xilinx PYNQ-Z1 003017A4CE32A" && level==0} -index 1
fpga -file C:/Temp/updated_harkka_josu/Johsul_harkka/Exercise/top.bit
targets -set -nocase -filter {name =~"APU*" && jtag_cable_name =~ "Xilinx PYNQ-Z1 003017A4CE32A"} -index 0
loadhw -hw C:/Temp/updated_harkka_josu/Johsul_harkka/Exercise/system.hdf -mem-ranges [list {0x40000000 0xbfffffff}]
configparams force-mem-access 1
targets -set -nocase -filter {name =~"APU*" && jtag_cable_name =~ "Xilinx PYNQ-Z1 003017A4CE32A"} -index 0
ps7_init
ps7_post_config
targets -set -nocase -filter {name =~ "ARM*#0" && jtag_cable_name =~ "Xilinx PYNQ-Z1 003017A4CE32A"} -index 0
dow C:/Temp/updated_harkka_josu/Johsul_harkka/Embedded_Exercise_normal/Debug/Embedded_Exercise_normal.elf
configparams force-mem-access 0
----------------End of Script----------------

11:56:48 INFO  : Memory regions updated for context APU
11:56:48 INFO  : Context for processor 'ps7_cortexa9_0' is selected.
11:56:48 INFO  : 'con' command is executed.
11:56:48 INFO  : ----------------XSDB Script (After Launch)----------------
targets -set -nocase -filter {name =~ "ARM*#0" && jtag_cable_name =~ "Xilinx PYNQ-Z1 003017A4CE32A"} -index 0
con
----------------End of Script----------------

11:56:48 INFO  : Launch script is exported to file 'C:\Temp\updated_harkka_josu\Johsul_harkka\.sdk\launch_scripts\xilinx_c-c++_application_(system_debugger)\system_debugger_using_debug_embedded_exercise_normal.elf_on_local.tcl'
11:57:15 INFO  : Disconnected from the channel tcfchan#1.
10:59:29 INFO  : Registering command handlers for SDK TCF services
10:59:30 INFO  : Launching XSCT server: xsct.bat -interactive C:\Users\sound\Xilinx\harkka_v4\Johsul_harkka\temp_xsdb_launch_script.tcl
10:59:33 INFO  : XSCT server has started successfully.
10:59:34 INFO  : Successfully done setting XSCT server connection channel  
10:59:34 INFO  : Successfully done setting SDK workspace  
10:59:58 ERROR : (XSDB Server)ERROR: [Hsi 55-1594] Core devcfg of version 3.4 not found in repositories
ERROR: [Hsi 55-1594] Core emacps of version 3.4 not found in repositories

10:59:58 ERROR : (XSDB Server)ERROR: [Hsi 55-1594] Core qspips of version 3.3 not found in repositories
ERROR: [Hsi 55-1594] Core scugic of version 3.7 not found in repositories
ERROR: [Hsi 55-1594] Core sdps of version 3.2 not found in repositories
ERROR: [Hsi 55-1594] Core ttcps of version 3.3 not found in repositories
ERROR: [Hsi 55-1594] Core ttcps of version 3.3 not found in repositories
ERROR: [Hsi 55-1594] Core uartps of version 3.4 not found in repositories
ERROR: [Hsi 55-1594] Core standalone of version 6.3 not found in repositories

10:59:58 ERROR : (XSDB Server)ERROR: [Hsi 55-1452] Error: running open_sw_design.

10:59:58 ERROR :  [Common 17-39] 'hsi::open_sw_design' failed due to earlier errors.
10:59:58 ERROR : (XSDB Server)ERROR: [Hsi 55-1594] Core devcfg of version 3.4 not found in repositories

10:59:58 ERROR : (XSDB Server)ERROR: [Hsi 55-1594] Core emacps of version 3.4 not found in repositories

10:59:58 ERROR : (XSDB Server)ERROR: [Hsi 55-1594] Core qspips of version 3.3 not found in repositories

10:59:58 ERROR : (XSDB Server)ERROR: [Hsi 55-1594] Core scugic of version 3.7 not found in repositories

10:59:58 ERROR : (XSDB Server)ERROR: [Hsi 55-1594] Core sdps of version 3.2 not found in repositories

10:59:58 ERROR : (XSDB Server)ERROR: [Hsi 55-1594] Core ttcps of version 3.3 not found in repositories
ERROR: [Hsi 55-1594] Core ttcps of version 3.3 not found in repositories

10:59:58 ERROR : (XSDB Server)ERROR: [Hsi 55-1594] Core uartps of version 3.4 not found in repositories

10:59:58 ERROR : (XSDB Server)ERROR: [Hsi 55-1594] Core standalone of version 6.3 not found in repositories
ERROR: [Hsi 55-1452] Error: running open_sw_design.

10:59:58 INFO  : Unable to read in MSS file C:\Users\sound\Xilinx\harkka_v4\Johsul_harkka\Embedded_Exercise_bsp\system.mss : null
10:59:58 ERROR : Failed to closesw "C:/Users/sound/Xilinx/harkka_v4/Johsul_harkka/Embedded_Exercise_bsp/system.mss"
Reason: Cannot close sw design 'C:/Users/sound/Xilinx/harkka_v4/Johsul_harkka/Embedded_Exercise_bsp/system.mss'.
Design is not opened in the current session.


11:00:11 INFO  : Connected to target on host '127.0.0.1' and port '3121'.
11:00:12 INFO  : Jtag cable 'Xilinx PYNQ-Z1 003017A6DD2CA' is selected.
11:00:12 INFO  : 'jtag frequency' command is executed.
11:00:12 INFO  : Sourcing of 'C:/Users/sound/Xilinx/harkka_v4/Johsul_harkka/Exercise/ps7_init.tcl' is done.
11:00:13 INFO  : Context for 'APU' is selected.
11:00:13 INFO  : System reset is completed.
11:00:16 INFO  : 'after 3000' command is executed.
11:00:17 INFO  : 'targets -set -filter {jtag_cable_name =~ "Xilinx PYNQ-Z1 003017A6DD2CA" && level==0} -index 1' command is executed.
11:00:20 INFO  : FPGA configured successfully with bitstream "C:/Users/sound/Xilinx/harkka_v4/Johsul_harkka/Exercise/top.bit"
11:00:21 INFO  : Context for 'APU' is selected.
11:00:21 INFO  : Hardware design information is loaded from 'C:/Users/sound/Xilinx/harkka_v4/Johsul_harkka/Exercise/system.hdf'.
11:00:21 INFO  : 'configparams force-mem-access 1' command is executed.
11:00:22 INFO  : Context for 'APU' is selected.
11:00:22 INFO  : 'ps7_init' command is executed.
11:00:22 INFO  : 'ps7_post_config' command is executed.
11:00:22 INFO  : Context for processor 'ps7_cortexa9_0' is selected.
11:00:22 INFO  : The application 'C:/Users/sound/Xilinx/harkka_v4/Johsul_harkka/Embedded_Exercise_normal/Debug/Embedded_Exercise_normal.elf' is downloaded to processor 'ps7_cortexa9_0'.
11:00:22 INFO  : 'configparams force-mem-access 0' command is executed.
11:00:22 INFO  : ----------------XSDB Script----------------
connect -url tcp:127.0.0.1:3121
source C:/Users/sound/Xilinx/harkka_v4/Johsul_harkka/Exercise/ps7_init.tcl
targets -set -nocase -filter {name =~"APU*" && jtag_cable_name =~ "Xilinx PYNQ-Z1 003017A6DD2CA"} -index 0
rst -system
after 3000
targets -set -filter {jtag_cable_name =~ "Xilinx PYNQ-Z1 003017A6DD2CA" && level==0} -index 1
fpga -file C:/Users/sound/Xilinx/harkka_v4/Johsul_harkka/Exercise/top.bit
targets -set -nocase -filter {name =~"APU*" && jtag_cable_name =~ "Xilinx PYNQ-Z1 003017A6DD2CA"} -index 0
loadhw -hw C:/Users/sound/Xilinx/harkka_v4/Johsul_harkka/Exercise/system.hdf -mem-ranges [list {0x40000000 0xbfffffff}]
configparams force-mem-access 1
targets -set -nocase -filter {name =~"APU*" && jtag_cable_name =~ "Xilinx PYNQ-Z1 003017A6DD2CA"} -index 0
ps7_init
ps7_post_config
targets -set -nocase -filter {name =~ "ARM*#0" && jtag_cable_name =~ "Xilinx PYNQ-Z1 003017A6DD2CA"} -index 0
dow C:/Users/sound/Xilinx/harkka_v4/Johsul_harkka/Embedded_Exercise_normal/Debug/Embedded_Exercise_normal.elf
configparams force-mem-access 0
----------------End of Script----------------

11:00:22 INFO  : Memory regions updated for context APU
11:00:22 INFO  : Context for processor 'ps7_cortexa9_0' is selected.
11:00:22 INFO  : 'con' command is executed.
11:00:22 INFO  : ----------------XSDB Script (After Launch)----------------
targets -set -nocase -filter {name =~ "ARM*#0" && jtag_cable_name =~ "Xilinx PYNQ-Z1 003017A6DD2CA"} -index 0
con
----------------End of Script----------------

11:00:22 INFO  : Launch script is exported to file 'C:\Users\sound\Xilinx\harkka_v4\Johsul_harkka\.sdk\launch_scripts\xilinx_c-c++_application_(system_debugger)\system_debugger_using_debug_embedded_exercise_normal.elf_on_local.tcl'
12:23:32 INFO  : Disconnected from the channel tcfchan#1.
14:01:32 INFO  : Registering command handlers for SDK TCF services
14:01:33 INFO  : Launching XSCT server: xsct.bat -interactive C:\Users\sound\Xilinx\harkka_v4\Johsul_harkka\temp_xsdb_launch_script.tcl
14:01:35 INFO  : XSCT server has started successfully.
14:01:35 INFO  : Successfully done setting XSCT server connection channel  
14:01:36 INFO  : Successfully done setting SDK workspace  
09:41:02 INFO  : Registering command handlers for SDK TCF services
09:41:02 INFO  : Launching XSCT server: xsct.bat -interactive C:\Users\Vilma\Documents\JoSu_project\Johsul_harkka\temp_xsdb_launch_script.tcl
09:41:04 INFO  : XSCT server has started successfully.
09:41:04 INFO  : Successfully done setting XSCT server connection channel  
09:41:06 INFO  : Successfully done setting SDK workspace  
09:42:52 ERROR : (XSDB Server)ERROR: [Hsi 55-1594] Core devcfg of version 3.4 not found in repositories
ERROR: [Hsi 55-1594] Core emacps of version 3.4 not found in repositories

09:42:52 ERROR : (XSDB Server)ERROR: [Hsi 55-1594] Core qspips of version 3.3 not found in repositories
ERROR: [Hsi 55-1594] Core scugic of version 3.7 not found in repositories
ERROR: [Hsi 55-1594] Core sdps of version 3.2 not found in repositories
ERROR: [Hsi 55-1594] Core ttcps of version 3.3 not found in repositories
ERROR: [Hsi 55-1594] Core ttcps of version 3.3 not found in repositories
ERROR: [Hsi 55-1594] Core uartps of version 3.4 not found in repositories
ERROR: [Hsi 55-1594] Core standalone of version 6.3 not found in repositories

09:42:52 ERROR : (XSDB Server)ERROR: [Hsi 55-1452] Error: running open_sw_design.

09:42:52 ERROR :  [Common 17-39] 'hsi::open_sw_design' failed due to earlier errors.
09:42:52 ERROR : (XSDB Server)ERROR: [Hsi 55-1594] Core devcfg of version 3.4 not found in repositories
ERROR: [Hsi 55-1594] Core emacps of version 3.4 not found in repositories

09:42:52 ERROR : (XSDB Server)ERROR: [Hsi 55-1594] Core qspips of version 3.3 not found in repositories

09:42:52 ERROR : (XSDB Server)ERROR: [Hsi 55-1594] Core scugic of version 3.7 not found in repositories

09:42:52 ERROR : (XSDB Server)ERROR: [Hsi 55-1594] Core sdps of version 3.2 not found in repositories

09:42:52 ERROR : (XSDB Server)ERROR: [Hsi 55-1594] Core ttcps of version 3.3 not found in repositories

09:42:52 ERROR : (XSDB Server)ERROR: [Hsi 55-1594] Core ttcps of version 3.3 not found in repositories

09:42:52 ERROR : (XSDB Server)ERROR: [Hsi 55-1594] Core uartps of version 3.4 not found in repositories

09:42:52 ERROR : (XSDB Server)ERROR: [Hsi 55-1594] Core standalone of version 6.3 not found in repositories
ERROR: [Hsi 55-1452] Error: running open_sw_design.

09:42:52 INFO  : Unable to read in MSS file C:\Users\Vilma\Documents\JoSu_project\Johsul_harkka\Embedded_Exercise_bsp\system.mss : null
09:42:52 ERROR : (XSDB Server)ERROR: [Hsi 55-1594] Core devcfg of version 3.4 not found in repositories
ERROR: [Hsi 55-1594] Core emacps of version 3.4 not found in repositories

09:42:52 ERROR : (XSDB Server)ERROR: [Hsi 55-1594] Core qspips of version 3.3 not found in repositories

09:42:52 ERROR : (XSDB Server)ERROR: [Hsi 55-1594] Core scugic of version 3.7 not found in repositories

09:42:52 ERROR : (XSDB Server)ERROR: [Hsi 55-1594] Core sdps of version 3.2 not found in repositories

09:42:52 ERROR : (XSDB Server)ERROR: [Hsi 55-1594] Core ttcps of version 3.3 not found in repositories

09:42:52 ERROR : (XSDB Server)ERROR: [Hsi 55-1594] Core ttcps of version 3.3 not found in repositories

09:42:52 ERROR : (XSDB Server)ERROR: [Hsi 55-1594] Core uartps of version 3.4 not found in repositories

09:42:52 ERROR : (XSDB Server)ERROR: [Hsi 55-1594] Core standalone of version 6.3 not found in repositories
ERROR: [Hsi 55-1452] Error: running open_sw_design.

09:42:52 ERROR : (XSDB Server)ERROR: [Hsi 55-1594] Core devcfg of version 3.4 not found in repositories
ERROR: [Hsi 55-1594] Core emacps of version 3.4 not found in repositories

09:42:52 ERROR : (XSDB Server)ERROR: [Hsi 55-1594] Core qspips of version 3.3 not found in repositories

09:42:52 ERROR : (XSDB Server)ERROR: [Hsi 55-1594] Core scugic of version 3.7 not found in repositories

09:42:52 ERROR : (XSDB Server)ERROR: [Hsi 55-1594] Core sdps of version 3.2 not found in repositories

09:42:52 ERROR : (XSDB Server)ERROR: [Hsi 55-1594] Core ttcps of version 3.3 not found in repositories

09:42:52 ERROR : (XSDB Server)ERROR: [Hsi 55-1594] Core ttcps of version 3.3 not found in repositories

09:42:52 ERROR : (XSDB Server)ERROR: [Hsi 55-1594] Core uartps of version 3.4 not found in repositories

09:42:52 ERROR : (XSDB Server)ERROR: [Hsi 55-1594] Core standalone of version 6.3 not found in repositories

09:42:52 ERROR : (XSDB Server)ERROR: [Hsi 55-1452] Error: running open_sw_design.

09:42:52 ERROR : Failed to get_connected_periphs
Reason: ERROR: [Common 17-55] 'get_property' expects at least one object.
Resolution: If [get_<value>] was used to populate the object, check to make sure this command returns at least one valid object.

13:15:50 INFO  : Registering command handlers for SDK TCF services
13:15:51 INFO  : Launching XSCT server: xsct.bat -interactive C:\Users\Vilma\Documents\JoSu_project\Johsul_harkka\temp_xsdb_launch_script.tcl
13:15:53 INFO  : XSCT server has started successfully.
13:15:55 INFO  : Successfully done setting XSCT server connection channel  
13:15:55 INFO  : Successfully done setting SDK workspace  
23:37:39 INFO  : Registering command handlers for SDK TCF services
23:37:40 INFO  : Launching XSCT server: xsct.bat -interactive C:\Users\Vilma\Documents\JoSu_project\Johsul_harkka\temp_xsdb_launch_script.tcl
23:37:42 INFO  : XSCT server has started successfully.
23:37:42 INFO  : Successfully done setting XSCT server connection channel  
23:37:44 INFO  : Successfully done setting SDK workspace  
10:11:19 INFO  : Registering command handlers for SDK TCF services
10:11:20 INFO  : Launching XSCT server: xsct.bat -interactive C:\Users\Vilma\Documents\JoSu_project\Johsul_harkka\temp_xsdb_launch_script.tcl
10:11:22 INFO  : XSCT server has started successfully.
10:11:24 INFO  : Successfully done setting XSCT server connection channel  
10:11:24 INFO  : Successfully done setting SDK workspace  
16:04:30 INFO  : Registering command handlers for SDK TCF services
16:04:30 INFO  : Launching XSCT server: xsct.bat -interactive C:\Users\Vilma\Documents\JoSu_project\Johsul_harkka\temp_xsdb_launch_script.tcl
16:04:32 INFO  : XSCT server has started successfully.
16:04:32 INFO  : Successfully done setting XSCT server connection channel  
16:04:34 INFO  : Successfully done setting SDK workspace  
17:32:27 INFO  : Registering command handlers for SDK TCF services
17:32:28 INFO  : Launching XSCT server: xsct.bat -interactive C:\Users\Vilma\Documents\JoSu_project\Johsul_harkka\temp_xsdb_launch_script.tcl
17:32:30 INFO  : XSCT server has started successfully.
17:32:32 INFO  : Successfully done setting XSCT server connection channel  
17:32:32 INFO  : Successfully done setting SDK workspace  
16:06:35 INFO  : Registering command handlers for SDK TCF services
16:06:36 INFO  : Launching XSCT server: xsct.bat -interactive C:\Users\Vilma\Documents\JoSu_project\Johsul_harkka\temp_xsdb_launch_script.tcl
16:06:38 INFO  : XSCT server has started successfully.
16:06:40 INFO  : Successfully done setting XSCT server connection channel  
16:06:40 INFO  : Successfully done setting SDK workspace  
16:00:59 INFO  : Registering command handlers for SDK TCF services
16:01:00 INFO  : Launching XSCT server: xsct.bat -interactive C:\Users\Vilma\Documents\JoSu_project\Johsul_harkka\temp_xsdb_launch_script.tcl
16:01:02 INFO  : XSCT server has started successfully.
16:01:04 INFO  : Successfully done setting XSCT server connection channel  
16:01:04 INFO  : Successfully done setting SDK workspace  
16:01:19 ERROR : (XSDB Server)ERROR: [Hsi 55-1594] Core devcfg of version 3.4 not found in repositories
ERROR: [Hsi 55-1594] Core emacps of version 3.4 not found in repositories

16:01:19 ERROR : (XSDB Server)ERROR: [Hsi 55-1594] Core qspips of version 3.3 not found in repositories
ERROR: [Hsi 55-1594] Core scugic of version 3.7 not found in repositories
ERROR: [Hsi 55-1594] Core sdps of version 3.2 not found in repositories
ERROR: [Hsi 55-1594] Core ttcps of version 3.3 not found in repositories
ERROR: [Hsi 55-1594] Core ttcps of version 3.3 not found in repositories
ERROR: [Hsi 55-1594] Core uartps of version 3.4 not found in repositories
ERROR: [Hsi 55-1594] Core standalone of version 6.3 not found in repositories

16:01:19 ERROR : (XSDB Server)ERROR: [Hsi 55-1452] Error: running open_sw_design.

16:01:19 ERROR :  [Common 17-39] 'hsi::open_sw_design' failed due to earlier errors.
16:01:19 ERROR : (XSDB Server)ERROR: [Hsi 55-1594] Core devcfg of version 3.4 not found in repositories
ERROR: [Hsi 55-1594] Core emacps of version 3.4 not found in repositories

16:01:19 ERROR : (XSDB Server)ERROR: [Hsi 55-1594] Core qspips of version 3.3 not found in repositories

16:01:19 ERROR : (XSDB Server)ERROR: [Hsi 55-1594] Core scugic of version 3.7 not found in repositories
ERROR: [Hsi 55-1594] Core sdps of version 3.2 not found in repositories

16:01:19 ERROR : (XSDB Server)ERROR: [Hsi 55-1594] Core ttcps of version 3.3 not found in repositories
ERROR: [Hsi 55-1594] Core ttcps of version 3.3 not found in repositories

16:01:19 ERROR : (XSDB Server)ERROR: [Hsi 55-1594] Core uartps of version 3.4 not found in repositories

16:01:19 ERROR : (XSDB Server)ERROR: [Hsi 55-1594] Core standalone of version 6.3 not found in repositories

16:01:19 ERROR : (XSDB Server)ERROR: [Hsi 55-1452] Error: running open_sw_design.

16:01:19 INFO  : Unable to read in MSS file C:\Users\Vilma\Documents\JoSu_project\Johsul_harkka\Embedded_Exercise_bsp\system.mss : null
16:01:19 ERROR : (XSDB Server)ERROR: [Hsi 55-1594] Core devcfg of version 3.4 not found in repositories
ERROR: [Hsi 55-1594] Core emacps of version 3.4 not found in repositories

16:01:19 ERROR : (XSDB Server)ERROR: [Hsi 55-1594] Core qspips of version 3.3 not found in repositories
ERROR: [Hsi 55-1594] Core scugic of version 3.7 not found in repositories

16:01:19 ERROR : (XSDB Server)ERROR: [Hsi 55-1594] Core sdps of version 3.2 not found in repositories

16:01:19 ERROR : (XSDB Server)ERROR: [Hsi 55-1594] Core ttcps of version 3.3 not found in repositories
ERROR: [Hsi 55-1594] Core ttcps of version 3.3 not found in repositories

16:01:19 ERROR : (XSDB Server)ERROR: [Hsi 55-1594] Core uartps of version 3.4 not found in repositories
ERROR: [Hsi 55-1594] Core standalone of version 6.3 not found in repositories
ERROR: [Hsi 55-1452] Error: running open_sw_design.

16:01:19 ERROR : (XSDB Server)ERROR: [Hsi 55-1594] Core devcfg of version 3.4 not found in repositories
ERROR: [Hsi 55-1594] Core emacps of version 3.4 not found in repositories

16:01:19 ERROR : (XSDB Server)ERROR: [Hsi 55-1594] Core qspips of version 3.3 not found in repositories
ERROR: [Hsi 55-1594] Core scugic of version 3.7 not found in repositories

16:01:19 ERROR : (XSDB Server)ERROR: [Hsi 55-1594] Core sdps of version 3.2 not found in repositories

16:01:19 ERROR : (XSDB Server)ERROR: [Hsi 55-1594] Core ttcps of version 3.3 not found in repositories
ERROR: [Hsi 55-1594] Core ttcps of version 3.3 not found in repositories

16:01:19 ERROR : (XSDB Server)ERROR: [Hsi 55-1594] Core uartps of version 3.4 not found in repositories

16:01:19 ERROR : (XSDB Server)ERROR: [Hsi 55-1594] Core standalone of version 6.3 not found in repositories

16:01:19 ERROR : (XSDB Server)ERROR: [Hsi 55-1452] Error: running open_sw_design.

16:01:20 ERROR : Failed to get_connected_periphs
Reason: ERROR: [Common 17-55] 'get_property' expects at least one object.
Resolution: If [get_<value>] was used to populate the object, check to make sure this command returns at least one valid object.

